# Logfile created on Sat Feb 11 16:25:27 -0500 2012 by logger.rb
  [1m[36m (0.5ms)[0m  [1mselect sqlite_version(*)[0m
  [1m[35m (0.3ms)[0m  CREATE TABLE "applicants" ("id" INTEGER PRIMARY KEY AUTOINCREMENT NOT NULL, "emplid" varchar(255), "first_name" varchar(255), "last_name" varchar(255)) 
  [1m[36m (0.1ms)[0m  [1mCREATE TABLE "students" ("id" INTEGER PRIMARY KEY AUTOINCREMENT NOT NULL, "emplid" varchar(255), "name_n" varchar(255), "first_name" varchar(255), "last_name" varchar(255)) [0m
  [1m[36m (0.5ms)[0m  [1mselect sqlite_version(*)[0m
  [1m[35m (0.3ms)[0m  CREATE TABLE "applicants" ("id" INTEGER PRIMARY KEY AUTOINCREMENT NOT NULL, "emplid" varchar(255), "first_name" varchar(255), "last_name" varchar(255)) 
  [1m[36m (0.2ms)[0m  [1mCREATE TABLE "students" ("id" INTEGER PRIMARY KEY AUTOINCREMENT NOT NULL, "emplid" varchar(255), "name_n" varchar(255), "first_name" varchar(255), "last_name" varchar(255)) [0m
  [1m[36m (0.5ms)[0m  [1mselect sqlite_version(*)[0m
  [1m[35m (0.3ms)[0m  CREATE TABLE "applicants" ("id" INTEGER PRIMARY KEY AUTOINCREMENT NOT NULL, "emplid" varchar(255), "first_name" varchar(255), "last_name" varchar(255)) 
  [1m[36m (0.1ms)[0m  [1mCREATE TABLE "students" ("id" INTEGER PRIMARY KEY AUTOINCREMENT NOT NULL, "emplid" varchar(255), "name_n" varchar(255), "first_name" varchar(255), "last_name" varchar(255)) [0m
  [1m[36m (0.5ms)[0m  [1mselect sqlite_version(*)[0m
  [1m[35m (0.3ms)[0m  CREATE TABLE "applicants" ("id" INTEGER PRIMARY KEY AUTOINCREMENT NOT NULL, "emplid" varchar(255), "first_name" varchar(255), "last_name" varchar(255)) 
  [1m[36m (0.1ms)[0m  [1mCREATE TABLE "students" ("id" INTEGER PRIMARY KEY AUTOINCREMENT NOT NULL, "emplid" varchar(255), "name_n" varchar(255), "first_name" varchar(255), "last_name" varchar(255)) [0m
  [1m[35mStudent Load (0.1ms)[0m  SELECT "students".* FROM "students" LIMIT 1
  [1m[36m (0.5ms)[0m  [1mselect sqlite_version(*)[0m
  [1m[35m (0.3ms)[0m  CREATE TABLE "applicants" ("id" INTEGER PRIMARY KEY AUTOINCREMENT NOT NULL, "emplid" varchar(255), "first_name" varchar(255), "last_name" varchar(255)) 
  [1m[36m (0.1ms)[0m  [1mCREATE TABLE "students" ("id" INTEGER PRIMARY KEY AUTOINCREMENT NOT NULL, "emplid" varchar(255), "name_n" varchar(255), "first_name" varchar(255), "last_name" varchar(255)) [0m
  [1m[35mStudent Load (0.1ms)[0m  SELECT "students".* FROM "students" LIMIT 1
  [1m[36m (0.5ms)[0m  [1mselect sqlite_version(*)[0m
  [1m[35m (0.3ms)[0m  CREATE TABLE "applicants" ("id" INTEGER PRIMARY KEY AUTOINCREMENT NOT NULL, "emplid" varchar(255), "first_name" varchar(255), "last_name" varchar(255)) 
  [1m[36m (0.1ms)[0m  [1mCREATE TABLE "students" ("id" INTEGER PRIMARY KEY AUTOINCREMENT NOT NULL, "emplid" varchar(255), "name_n" varchar(255), "first_name" varchar(255), "last_name" varchar(255)) [0m
  [1m[35mStudent Load (0.1ms)[0m  SELECT "students".* FROM "students" LIMIT 1
  [1m[36m (0.5ms)[0m  [1mselect sqlite_version(*)[0m
  [1m[35m (0.3ms)[0m  CREATE TABLE "applicants" ("id" INTEGER PRIMARY KEY AUTOINCREMENT NOT NULL, "emplid" varchar(255), "first_name" varchar(255), "last_name" varchar(255)) 
  [1m[36m (0.1ms)[0m  [1mCREATE TABLE "students" ("id" INTEGER PRIMARY KEY AUTOINCREMENT NOT NULL, "emplid" varchar(255), "name_n" varchar(255), "first_name" varchar(255), "last_name" varchar(255)) [0m
  [1m[35mStudent Load (0.1ms)[0m  SELECT "students".* FROM "students" LIMIT 1
  [1m[36m (0.5ms)[0m  [1mselect sqlite_version(*)[0m
  [1m[35m (0.3ms)[0m  CREATE TABLE "applicants" ("id" INTEGER PRIMARY KEY AUTOINCREMENT NOT NULL, "emplid" varchar(255), "first_name" varchar(255), "last_name" varchar(255)) 
  [1m[36m (0.1ms)[0m  [1mCREATE TABLE "students" ("id" INTEGER PRIMARY KEY AUTOINCREMENT NOT NULL, "emplid" varchar(255), "name_n" varchar(255), "first_name" varchar(255), "last_name" varchar(255)) [0m
  [1m[35mStudent Load (0.1ms)[0m  SELECT "students".* FROM "students" LIMIT 1
  [1m[36m (0.5ms)[0m  [1mselect sqlite_version(*)[0m
  [1m[35m (0.3ms)[0m  CREATE TABLE "applicants" ("id" INTEGER PRIMARY KEY AUTOINCREMENT NOT NULL, "emplid" varchar(255), "first_name" varchar(255), "last_name" varchar(255)) 
  [1m[36m (0.1ms)[0m  [1mCREATE TABLE "students" ("id" INTEGER PRIMARY KEY AUTOINCREMENT NOT NULL, "emplid" varchar(255), "name_n" varchar(255), "first_name" varchar(255), "last_name" varchar(255)) [0m
  [1m[35mStudent Load (0.1ms)[0m  SELECT "students".* FROM "students" LIMIT 1
  [1m[36m (0.6ms)[0m  [1mselect sqlite_version(*)[0m
  [1m[35m (0.3ms)[0m  CREATE TABLE "applicants" ("id" INTEGER PRIMARY KEY AUTOINCREMENT NOT NULL, "emplid" varchar(255), "first_name" varchar(255), "last_name" varchar(255)) 
  [1m[36m (0.1ms)[0m  [1mCREATE TABLE "students" ("id" INTEGER PRIMARY KEY AUTOINCREMENT NOT NULL, "emplid" varchar(255), "name_n" varchar(255), "first_name" varchar(255), "last_name" varchar(255)) [0m
  [1m[36m (0.5ms)[0m  [1mselect sqlite_version(*)[0m
  [1m[35m (0.3ms)[0m  CREATE TABLE "applicants" ("id" INTEGER PRIMARY KEY AUTOINCREMENT NOT NULL, "emplid" varchar(255), "first_name" varchar(255), "last_name" varchar(255)) 
  [1m[36m (0.1ms)[0m  [1mCREATE TABLE "students" ("id" INTEGER PRIMARY KEY AUTOINCREMENT NOT NULL, "emplid" varchar(255), "name_n" varchar(255), "first_name" varchar(255), "last_name" varchar(255)) [0m
  [1m[36m (0.5ms)[0m  [1mselect sqlite_version(*)[0m
  [1m[35m (0.3ms)[0m  CREATE TABLE "applicants" ("id" INTEGER PRIMARY KEY AUTOINCREMENT NOT NULL, "emplid" varchar(255), "first_name" varchar(255), "last_name" varchar(255)) 
  [1m[36m (0.1ms)[0m  [1mCREATE TABLE "students" ("id" INTEGER PRIMARY KEY AUTOINCREMENT NOT NULL, "emplid" varchar(255), "name_n" varchar(255), "first_name" varchar(255), "last_name" varchar(255)) [0m
  [1m[36m (0.5ms)[0m  [1mselect sqlite_version(*)[0m
  [1m[35m (0.3ms)[0m  CREATE TABLE "applicants" ("id" INTEGER PRIMARY KEY AUTOINCREMENT NOT NULL, "emplid" varchar(255), "first_name" varchar(255), "last_name" varchar(255)) 
  [1m[36m (0.1ms)[0m  [1mCREATE TABLE "students" ("id" INTEGER PRIMARY KEY AUTOINCREMENT NOT NULL, "emplid" varchar(255), "name_n" varchar(255), "first_name" varchar(255), "last_name" varchar(255)) [0m
  [1m[36m (0.5ms)[0m  [1mselect sqlite_version(*)[0m
  [1m[35m (0.3ms)[0m  CREATE TABLE "applicants" ("id" INTEGER PRIMARY KEY AUTOINCREMENT NOT NULL, "emplid" varchar(255), "first_name" varchar(255), "last_name" varchar(255)) 
  [1m[36m (0.1ms)[0m  [1mCREATE TABLE "students" ("id" INTEGER PRIMARY KEY AUTOINCREMENT NOT NULL, "emplid" varchar(255), "name_n" varchar(255), "first_name" varchar(255), "last_name" varchar(255)) [0m
  [1m[35m (0.1ms)[0m  begin transaction
  [1m[36mStudent Exists (0.1ms)[0m  [1mSELECT 1 FROM "students" WHERE "students"."name_n" = 'buckeye.1' LIMIT 1[0m
  [1m[35mStudent Exists (0.1ms)[0m  SELECT 1 FROM "students" WHERE "students"."emplid" = '12345678' LIMIT 1
  [1m[36mSQL (0.2ms)[0m  [1mINSERT INTO "students" ("emplid", "first_name", "id", "last_name", "name_n") VALUES (?, ?, ?, ?, ?)[0m  [["emplid", "12345678"], ["first_name", "Brutus"], ["id", 12345678], ["last_name", "Buckeye"], ["name_n", "buckeye.1"]]
  [1m[35m (0.0ms)[0m  commit transaction
  [1m[36mStudent Load (0.1ms)[0m  [1mSELECT "students".* FROM "students" LIMIT 1[0m
  [1m[35mStudent Exists (0.1ms)[0m  SELECT 1 FROM "students" WHERE "students"."name_n" = 'buckeye.1' LIMIT 1
  [1m[36mStudent Exists (0.1ms)[0m  [1mSELECT 1 FROM "students" WHERE "students"."emplid" = '' LIMIT 1[0m
  [1m[36m (0.5ms)[0m  [1mselect sqlite_version(*)[0m
  [1m[35m (0.3ms)[0m  CREATE TABLE "applicants" ("id" INTEGER PRIMARY KEY AUTOINCREMENT NOT NULL, "emplid" varchar(255), "first_name" varchar(255), "last_name" varchar(255)) 
  [1m[36m (0.2ms)[0m  [1mCREATE TABLE "students" ("id" INTEGER PRIMARY KEY AUTOINCREMENT NOT NULL, "emplid" varchar(255), "name_n" varchar(255), "first_name" varchar(255), "last_name" varchar(255)) [0m
  [1m[35m (0.1ms)[0m  begin transaction
  [1m[36mStudent Exists (0.1ms)[0m  [1mSELECT 1 FROM "students" WHERE "students"."name_n" = 'buckeye.1' LIMIT 1[0m
  [1m[35mStudent Exists (0.1ms)[0m  SELECT 1 FROM "students" WHERE "students"."emplid" = '12345678' LIMIT 1
  [1m[36mSQL (0.2ms)[0m  [1mINSERT INTO "students" ("emplid", "first_name", "id", "last_name", "name_n") VALUES (?, ?, ?, ?, ?)[0m  [["emplid", "12345678"], ["first_name", "Brutus"], ["id", 12345678], ["last_name", "Buckeye"], ["name_n", "buckeye.1"]]
  [1m[35m (0.0ms)[0m  commit transaction
  [1m[36mStudent Load (0.1ms)[0m  [1mSELECT "students".* FROM "students" LIMIT 1[0m
  [1m[35mStudent Exists (0.1ms)[0m  SELECT 1 FROM "students" WHERE "students"."name_n" = 'buckeye.1' LIMIT 1
  [1m[36mStudent Exists (0.1ms)[0m  [1mSELECT 1 FROM "students" WHERE "students"."emplid" = '' LIMIT 1[0m
  [1m[36m (0.5ms)[0m  [1mselect sqlite_version(*)[0m
  [1m[35m (0.3ms)[0m  CREATE TABLE "applicants" ("id" INTEGER PRIMARY KEY AUTOINCREMENT NOT NULL, "emplid" varchar(255), "first_name" varchar(255), "last_name" varchar(255)) 
  [1m[36m (0.1ms)[0m  [1mCREATE TABLE "students" ("id" INTEGER PRIMARY KEY AUTOINCREMENT NOT NULL, "emplid" varchar(255), "name_n" varchar(255), "first_name" varchar(255), "last_name" varchar(255)) [0m
  [1m[35m (0.1ms)[0m  begin transaction
  [1m[36mStudent Exists (0.1ms)[0m  [1mSELECT 1 FROM "students" WHERE "students"."name_n" = 'buckeye.1' LIMIT 1[0m
  [1m[35mStudent Exists (0.0ms)[0m  SELECT 1 FROM "students" WHERE "students"."emplid" = '12345678' LIMIT 1
  [1m[36mSQL (0.2ms)[0m  [1mINSERT INTO "students" ("emplid", "first_name", "id", "last_name", "name_n") VALUES (?, ?, ?, ?, ?)[0m  [["emplid", "12345678"], ["first_name", "Brutus"], ["id", 12345678], ["last_name", "Buckeye"], ["name_n", "buckeye.1"]]
  [1m[35m (0.0ms)[0m  commit transaction
  [1m[36m (0.1ms)[0m  [1mbegin transaction[0m
  [1m[35mStudent Exists (0.1ms)[0m  SELECT 1 FROM "students" WHERE "students"."name_n" = 'buckeye.1' LIMIT 1
  [1m[36mStudent Exists (0.1ms)[0m  [1mSELECT 1 FROM "students" WHERE "students"."emplid" = '12345678' LIMIT 1[0m
  [1m[35m (0.0ms)[0m  rollback transaction
  [1m[36m (0.5ms)[0m  [1mselect sqlite_version(*)[0m
  [1m[35m (0.3ms)[0m  CREATE TABLE "applicants" ("id" INTEGER PRIMARY KEY AUTOINCREMENT NOT NULL, "emplid" varchar(255), "first_name" varchar(255), "last_name" varchar(255)) 
  [1m[36m (0.1ms)[0m  [1mCREATE TABLE "students" ("id" INTEGER PRIMARY KEY AUTOINCREMENT NOT NULL, "emplid" varchar(255), "name_n" varchar(255), "first_name" varchar(255), "last_name" varchar(255)) [0m
  [1m[35m (0.1ms)[0m  begin transaction
  [1m[36mStudent Exists (0.1ms)[0m  [1mSELECT 1 FROM "students" WHERE "students"."name_n" = 'buckeye.1' LIMIT 1[0m
  [1m[35mStudent Exists (0.1ms)[0m  SELECT 1 FROM "students" WHERE "students"."emplid" = '12345678' LIMIT 1
  [1m[36mSQL (0.2ms)[0m  [1mINSERT INTO "students" ("emplid", "first_name", "id", "last_name", "name_n") VALUES (?, ?, ?, ?, ?)[0m  [["emplid", "12345678"], ["first_name", "Brutus"], ["id", 12345678], ["last_name", "Buckeye"], ["name_n", "buckeye.1"]]
  [1m[35m (0.0ms)[0m  commit transaction
  [1m[36m (0.5ms)[0m  [1mselect sqlite_version(*)[0m
  [1m[35m (0.3ms)[0m  CREATE TABLE "applicants" ("id" INTEGER PRIMARY KEY AUTOINCREMENT NOT NULL, "emplid" varchar(255), "first_name" varchar(255), "last_name" varchar(255)) 
  [1m[36m (0.1ms)[0m  [1mCREATE TABLE "students" ("id" INTEGER PRIMARY KEY AUTOINCREMENT NOT NULL, "emplid" varchar(255), "name_n" varchar(255), "first_name" varchar(255), "last_name" varchar(255)) [0m
  [1m[35m (0.1ms)[0m  begin transaction
  [1m[36mStudent Exists (0.1ms)[0m  [1mSELECT 1 FROM "students" WHERE "students"."name_n" = 'buckeye.1' LIMIT 1[0m
  [1m[35mStudent Exists (0.1ms)[0m  SELECT 1 FROM "students" WHERE "students"."emplid" = '12345678' LIMIT 1
  [1m[36mSQL (0.2ms)[0m  [1mINSERT INTO "students" ("emplid", "first_name", "id", "last_name", "name_n") VALUES (?, ?, ?, ?, ?)[0m  [["emplid", "12345678"], ["first_name", "Brutus"], ["id", 12345678], ["last_name", "Buckeye"], ["name_n", "buckeye.1"]]
  [1m[35m (0.0ms)[0m  commit transaction
  [1m[36m (0.5ms)[0m  [1mselect sqlite_version(*)[0m
  [1m[35m (0.3ms)[0m  CREATE TABLE "applicants" ("id" INTEGER PRIMARY KEY AUTOINCREMENT NOT NULL, "emplid" varchar(255), "first_name" varchar(255), "last_name" varchar(255)) 
  [1m[36m (0.1ms)[0m  [1mCREATE TABLE "students" ("id" INTEGER PRIMARY KEY AUTOINCREMENT NOT NULL, "emplid" varchar(255), "name_n" varchar(255), "first_name" varchar(255), "last_name" varchar(255)) [0m
  [1m[35m (0.1ms)[0m  begin transaction
  [1m[36mStudent Exists (0.1ms)[0m  [1mSELECT 1 FROM "students" WHERE "students"."name_n" = 'buckeye.1' LIMIT 1[0m
  [1m[35mStudent Exists (0.1ms)[0m  SELECT 1 FROM "students" WHERE "students"."emplid" = '12345678' LIMIT 1
  [1m[36mSQL (0.2ms)[0m  [1mINSERT INTO "students" ("emplid", "first_name", "id", "last_name", "name_n") VALUES (?, ?, ?, ?, ?)[0m  [["emplid", "12345678"], ["first_name", "Brutus"], ["id", 12345678], ["last_name", "Buckeye"], ["name_n", "buckeye.1"]]
  [1m[35m (0.0ms)[0m  commit transaction
  [1m[36m (0.5ms)[0m  [1mselect sqlite_version(*)[0m
  [1m[35m (0.3ms)[0m  CREATE TABLE "applicants" ("id" INTEGER PRIMARY KEY AUTOINCREMENT NOT NULL, "emplid" varchar(255), "first_name" varchar(255), "last_name" varchar(255)) 
  [1m[36m (0.1ms)[0m  [1mCREATE TABLE "students" ("id" INTEGER PRIMARY KEY AUTOINCREMENT NOT NULL, "emplid" varchar(255), "name_n" varchar(255), "first_name" varchar(255), "last_name" varchar(255)) [0m
  [1m[35m (0.1ms)[0m  begin transaction
  [1m[36mStudent Exists (0.1ms)[0m  [1mSELECT 1 FROM "students" WHERE "students"."name_n" = 'buckeye.1' LIMIT 1[0m
  [1m[35mStudent Exists (0.1ms)[0m  SELECT 1 FROM "students" WHERE "students"."emplid" = '12345678' LIMIT 1
  [1m[36mSQL (0.2ms)[0m  [1mINSERT INTO "students" ("emplid", "first_name", "id", "last_name", "name_n") VALUES (?, ?, ?, ?, ?)[0m  [["emplid", "12345678"], ["first_name", "Brutus"], ["id", 12345678], ["last_name", "Buckeye"], ["name_n", "buckeye.1"]]
  [1m[35m (0.0ms)[0m  commit transaction
  [1m[36m (0.5ms)[0m  [1mselect sqlite_version(*)[0m
  [1m[35m (0.3ms)[0m  CREATE TABLE "applicants" ("id" INTEGER PRIMARY KEY AUTOINCREMENT NOT NULL, "emplid" varchar(255), "first_name" varchar(255), "last_name" varchar(255)) 
  [1m[36m (0.2ms)[0m  [1mCREATE TABLE "students" ("id" INTEGER PRIMARY KEY AUTOINCREMENT NOT NULL, "emplid" varchar(255), "name_n" varchar(255), "first_name" varchar(255), "last_name" varchar(255)) [0m
  [1m[35m (0.1ms)[0m  begin transaction
  [1m[36mStudent Exists (0.1ms)[0m  [1mSELECT 1 FROM "students" WHERE "students"."name_n" = 'buckeye.1' LIMIT 1[0m
  [1m[35mStudent Exists (0.1ms)[0m  SELECT 1 FROM "students" WHERE "students"."emplid" = '12345678' LIMIT 1
  [1m[36mSQL (0.2ms)[0m  [1mINSERT INTO "students" ("emplid", "first_name", "id", "last_name", "name_n") VALUES (?, ?, ?, ?, ?)[0m  [["emplid", "12345678"], ["first_name", "Brutus"], ["id", 12345678], ["last_name", "Buckeye"], ["name_n", "buckeye.1"]]
  [1m[35m (0.0ms)[0m  commit transaction
  [1m[36m (0.0ms)[0m  [1mbegin transaction[0m
  [1m[35mStudent Exists (0.1ms)[0m  SELECT 1 FROM "students" WHERE "students"."name_n" = 'buckeye.1' LIMIT 1
  [1m[36mStudent Exists (0.1ms)[0m  [1mSELECT 1 FROM "students" WHERE "students"."emplid" = '12345678' LIMIT 1[0m
  [1m[35m (0.0ms)[0m  rollback transaction
  [1m[36m (0.1ms)[0m  [1mbegin transaction[0m
  [1m[35mStudent Exists (0.1ms)[0m  SELECT 1 FROM "students" WHERE "students"."name_n" = 'buckeye.1' LIMIT 1
  [1m[36mStudent Exists (0.1ms)[0m  [1mSELECT 1 FROM "students" WHERE "students"."emplid" = '12345678' LIMIT 1[0m
  [1m[35m (0.0ms)[0m  rollback transaction
  [1m[36m (0.5ms)[0m  [1mselect sqlite_version(*)[0m
  [1m[35m (0.3ms)[0m  CREATE TABLE "applicants" ("id" INTEGER PRIMARY KEY AUTOINCREMENT NOT NULL, "emplid" varchar(255), "first_name" varchar(255), "last_name" varchar(255)) 
  [1m[36m (0.1ms)[0m  [1mCREATE TABLE "students" ("id" INTEGER PRIMARY KEY AUTOINCREMENT NOT NULL, "emplid" varchar(255), "name_n" varchar(255), "first_name" varchar(255), "last_name" varchar(255)) [0m
  [1m[35m (0.1ms)[0m  begin transaction
  [1m[36mStudent Exists (0.1ms)[0m  [1mSELECT 1 FROM "students" WHERE "students"."name_n" = 'buckeye.1' LIMIT 1[0m
  [1m[35mStudent Exists (0.0ms)[0m  SELECT 1 FROM "students" WHERE "students"."emplid" = '12345678' LIMIT 1
  [1m[36mSQL (0.2ms)[0m  [1mINSERT INTO "students" ("emplid", "first_name", "id", "last_name", "name_n") VALUES (?, ?, ?, ?, ?)[0m  [["emplid", "12345678"], ["first_name", "Brutus"], ["id", 12345678], ["last_name", "Buckeye"], ["name_n", "buckeye.1"]]
  [1m[35m (0.0ms)[0m  commit transaction
  [1m[36mStudent Load (0.1ms)[0m  [1mSELECT "students".* FROM "students" LIMIT 1[0m
  [1m[35mStudent Exists (0.1ms)[0m  SELECT 1 FROM "students" WHERE "students"."name_n" = 'buckeye.1' LIMIT 1
  [1m[36mStudent Exists (0.1ms)[0m  [1mSELECT 1 FROM "students" WHERE "students"."emplid" = '' LIMIT 1[0m
  [1m[35m (0.1ms)[0m  begin transaction
  [1m[36mStudent Exists (0.1ms)[0m  [1mSELECT 1 FROM "students" WHERE "students"."name_n" = 'buckeye.1' LIMIT 1[0m
  [1m[35mStudent Exists (0.1ms)[0m  SELECT 1 FROM "students" WHERE "students"."emplid" = '12345678' LIMIT 1
  [1m[36m (0.0ms)[0m  [1mrollback transaction[0m
  [1m[36m (0.5ms)[0m  [1mselect sqlite_version(*)[0m
  [1m[35m (0.3ms)[0m  CREATE TABLE "applicants" ("id" INTEGER PRIMARY KEY AUTOINCREMENT NOT NULL, "emplid" varchar(255), "first_name" varchar(255), "last_name" varchar(255)) 
  [1m[36m (0.1ms)[0m  [1mCREATE TABLE "students" ("id" INTEGER PRIMARY KEY AUTOINCREMENT NOT NULL, "emplid" varchar(255), "name_n" varchar(255), "first_name" varchar(255), "last_name" varchar(255)) [0m
  [1m[35m (0.1ms)[0m  begin transaction
  [1m[36mStudent Exists (0.1ms)[0m  [1mSELECT 1 FROM "students" WHERE "students"."name_n" = 'buckeye.1' LIMIT 1[0m
  [1m[35mStudent Exists (0.1ms)[0m  SELECT 1 FROM "students" WHERE "students"."emplid" = '12345678' LIMIT 1
  [1m[36mSQL (0.2ms)[0m  [1mINSERT INTO "students" ("emplid", "first_name", "id", "last_name", "name_n") VALUES (?, ?, ?, ?, ?)[0m  [["emplid", "12345678"], ["first_name", "Brutus"], ["id", 12345678], ["last_name", "Buckeye"], ["name_n", "buckeye.1"]]
  [1m[35m (0.0ms)[0m  commit transaction
  [1m[36mStudent Load (0.1ms)[0m  [1mSELECT "students".* FROM "students" LIMIT 1[0m
  [1m[35mStudent Exists (0.1ms)[0m  SELECT 1 FROM "students" WHERE "students"."name_n" = 'buckeye.1' LIMIT 1
  [1m[36mStudent Exists (0.1ms)[0m  [1mSELECT 1 FROM "students" WHERE "students"."emplid" = '' LIMIT 1[0m
  [1m[35m (0.1ms)[0m  begin transaction
  [1m[36mStudent Exists (0.1ms)[0m  [1mSELECT 1 FROM "students" WHERE "students"."name_n" = 'buckeye.1' LIMIT 1[0m
  [1m[35mStudent Exists (0.1ms)[0m  SELECT 1 FROM "students" WHERE "students"."emplid" = '12345678' LIMIT 1
  [1m[36m (0.0ms)[0m  [1mrollback transaction[0m
  [1m[36m (0.5ms)[0m  [1mselect sqlite_version(*)[0m
  [1m[35m (0.3ms)[0m  CREATE TABLE "applicants" ("id" INTEGER PRIMARY KEY AUTOINCREMENT NOT NULL, "emplid" varchar(255), "first_name" varchar(255), "last_name" varchar(255)) 
  [1m[36m (0.1ms)[0m  [1mCREATE TABLE "students" ("id" INTEGER PRIMARY KEY AUTOINCREMENT NOT NULL, "emplid" varchar(255), "name_n" varchar(255), "first_name" varchar(255), "last_name" varchar(255)) [0m
  [1m[35mStudent Exists (0.1ms)[0m  SELECT 1 FROM "students" WHERE "students"."name_n" = 'buckeye.1' LIMIT 1
  [1m[36mStudent Exists (0.1ms)[0m  [1mSELECT 1 FROM "students" WHERE "students"."emplid" = '12345678' LIMIT 1[0m
  [1m[35mApplicant Exists (0.1ms)[0m  SELECT 1 FROM "applicants" WHERE "applicants"."emplid" = '12345678' LIMIT 1
  [1m[36m (0.9ms)[0m  [1mselect sqlite_version(*)[0m
  [1m[35m (0.3ms)[0m  CREATE TABLE "applicants" ("id" INTEGER PRIMARY KEY AUTOINCREMENT NOT NULL, "emplid" varchar(255), "first_name" varchar(255), "last_name" varchar(255)) 
  [1m[36m (0.1ms)[0m  [1mCREATE TABLE "students" ("id" INTEGER PRIMARY KEY AUTOINCREMENT NOT NULL, "emplid" varchar(255), "name_n" varchar(255), "first_name" varchar(255), "last_name" varchar(255)) [0m
  [1m[35mStudent Exists (0.1ms)[0m  SELECT 1 FROM "students" WHERE "students"."name_n" = 'buckeye.1' LIMIT 1
  [1m[36mStudent Exists (0.0ms)[0m  [1mSELECT 1 FROM "students" WHERE "students"."emplid" = '12345678' LIMIT 1[0m
  [1m[35mApplicant Exists (0.1ms)[0m  SELECT 1 FROM "applicants" WHERE "applicants"."emplid" = '12345678' LIMIT 1
  [1m[36m (0.7ms)[0m  [1mselect sqlite_version(*)[0m
  [1m[35m (0.4ms)[0m  CREATE TABLE "applicants" ("id" INTEGER PRIMARY KEY AUTOINCREMENT NOT NULL, "emplid" varchar(255), "first_name" varchar(255), "last_name" varchar(255)) 
  [1m[36m (0.1ms)[0m  [1mCREATE TABLE "students" ("id" INTEGER PRIMARY KEY AUTOINCREMENT NOT NULL, "emplid" varchar(255), "name_n" varchar(255), "first_name" varchar(255), "last_name" varchar(255)) [0m
  [1m[35mStudent Exists (0.1ms)[0m  SELECT 1 FROM "students" WHERE "students"."name_n" = 'buckeye.1' LIMIT 1
  [1m[36mStudent Exists (0.0ms)[0m  [1mSELECT 1 FROM "students" WHERE "students"."emplid" = '12345678' LIMIT 1[0m
  [1m[35mApplicant Exists (0.1ms)[0m  SELECT 1 FROM "applicants" WHERE "applicants"."emplid" = '12345678' LIMIT 1
  [1m[36mStudent Exists (0.1ms)[0m  [1mSELECT 1 FROM "students" WHERE "students"."name_n" = '(?-mix:\A[a-z]([a-z-]*[a-z])?\.[1-9]\d*\z)' LIMIT 1[0m
  [1m[35mStudent Exists (0.1ms)[0m  SELECT 1 FROM "students" WHERE "students"."emplid" = '12345678' LIMIT 1
  [1m[36m (0.8ms)[0m  [1mselect sqlite_version(*)[0m
  [1m[35m (0.3ms)[0m  CREATE TABLE "applicants" ("id" INTEGER PRIMARY KEY AUTOINCREMENT NOT NULL, "emplid" varchar(255), "first_name" varchar(255), "last_name" varchar(255)) 
  [1m[36m (0.1ms)[0m  [1mCREATE TABLE "students" ("id" INTEGER PRIMARY KEY AUTOINCREMENT NOT NULL, "emplid" varchar(255), "name_n" varchar(255), "first_name" varchar(255), "last_name" varchar(255)) [0m
  [1m[35mStudent Exists (0.1ms)[0m  SELECT 1 FROM "students" WHERE "students"."name_n" = 'buckeye.1' LIMIT 1
  [1m[36mStudent Exists (0.1ms)[0m  [1mSELECT 1 FROM "students" WHERE "students"."emplid" = '12345678' LIMIT 1[0m
  [1m[35mApplicant Exists (0.1ms)[0m  SELECT 1 FROM "applicants" WHERE "applicants"."emplid" = '12345678' LIMIT 1
  [1m[36mStudent Load (0.1ms)[0m  [1mSELECT "students".* FROM "students" LIMIT 1[0m
  [1m[35mStudent Exists (0.1ms)[0m  SELECT 1 FROM "students" WHERE "students"."name_n" = '(?-mix:\A[a-z]([a-z-]*[a-z])?\.[1-9]\d*\z)' LIMIT 1
  [1m[36mStudent Exists (0.1ms)[0m  [1mSELECT 1 FROM "students" WHERE "students"."emplid" = '12345678' LIMIT 1[0m
  [1m[36m (0.8ms)[0m  [1mselect sqlite_version(*)[0m
  [1m[35m (0.3ms)[0m  CREATE TABLE "applicants" ("id" INTEGER PRIMARY KEY AUTOINCREMENT NOT NULL, "emplid" varchar(255), "first_name" varchar(255), "last_name" varchar(255)) 
  [1m[36m (0.1ms)[0m  [1mCREATE TABLE "students" ("id" INTEGER PRIMARY KEY AUTOINCREMENT NOT NULL, "emplid" varchar(255), "name_n" varchar(255), "first_name" varchar(255), "last_name" varchar(255)) [0m
  [1m[35mStudent Exists (0.1ms)[0m  SELECT 1 FROM "students" WHERE "students"."name_n" = 'buckeye.1' LIMIT 1
  [1m[36mStudent Exists (0.1ms)[0m  [1mSELECT 1 FROM "students" WHERE "students"."emplid" = '12345678' LIMIT 1[0m
  [1m[35mApplicant Exists (0.1ms)[0m  SELECT 1 FROM "applicants" WHERE "applicants"."emplid" = '12345678' LIMIT 1
  [1m[36m (0.1ms)[0m  [1mbegin transaction[0m
  [1m[35mStudent Exists (0.1ms)[0m  SELECT 1 FROM "students" WHERE "students"."name_n" = 'buckeye.1' LIMIT 1
  [1m[36mStudent Exists (0.0ms)[0m  [1mSELECT 1 FROM "students" WHERE "students"."emplid" = '12345678' LIMIT 1[0m
  [1m[35mSQL (0.2ms)[0m  INSERT INTO "students" ("emplid", "first_name", "id", "last_name", "name_n") VALUES (?, ?, ?, ?, ?)  [["emplid", "12345678"], ["first_name", "Brutus"], ["id", 12345678], ["last_name", "Buckeye"], ["name_n", "buckeye.1"]]
  [1m[36m (0.0ms)[0m  [1mcommit transaction[0m
  [1m[35mStudent Load (0.1ms)[0m  SELECT "students".* FROM "students" LIMIT 1
  [1m[36mStudent Exists (0.1ms)[0m  [1mSELECT 1 FROM "students" WHERE "students"."name_n" = 'buckeye.1' LIMIT 1[0m
  [1m[35mStudent Exists (0.1ms)[0m  SELECT 1 FROM "students" WHERE "students"."emplid" = '' LIMIT 1
  [1m[36m (0.1ms)[0m  [1mbegin transaction[0m
  [1m[35mStudent Exists (0.1ms)[0m  SELECT 1 FROM "students" WHERE "students"."name_n" = 'buckeye.1' LIMIT 1
  [1m[36mStudent Exists (0.1ms)[0m  [1mSELECT 1 FROM "students" WHERE "students"."emplid" = '12345678' LIMIT 1[0m
  [1m[35m (0.0ms)[0m  rollback transaction
  [1m[36m (0.9ms)[0m  [1mselect sqlite_version(*)[0m
  [1m[35m (0.3ms)[0m  CREATE TABLE "applicants" ("id" INTEGER PRIMARY KEY AUTOINCREMENT NOT NULL, "emplid" varchar(255), "first_name" varchar(255), "last_name" varchar(255)) 
  [1m[36m (0.1ms)[0m  [1mCREATE TABLE "students" ("id" INTEGER PRIMARY KEY AUTOINCREMENT NOT NULL, "emplid" varchar(255), "name_n" varchar(255), "first_name" varchar(255), "last_name" varchar(255)) [0m
  [1m[35mStudent Exists (0.1ms)[0m  SELECT 1 FROM "students" WHERE "students"."name_n" = 'buckeye.1' LIMIT 1
  [1m[36mStudent Exists (0.1ms)[0m  [1mSELECT 1 FROM "students" WHERE "students"."emplid" = '00000001' LIMIT 1[0m
  [1m[35mApplicant Exists (0.1ms)[0m  SELECT 1 FROM "applicants" WHERE "applicants"."emplid" = '00000002' LIMIT 1
  [1m[36m (0.1ms)[0m  [1mbegin transaction[0m
  [1m[35mStudent Exists (0.1ms)[0m  SELECT 1 FROM "students" WHERE "students"."name_n" = 'buckeye.2' LIMIT 1
  [1m[36mStudent Exists (0.1ms)[0m  [1mSELECT 1 FROM "students" WHERE "students"."emplid" = '00000003' LIMIT 1[0m
  [1m[35mSQL (0.2ms)[0m  INSERT INTO "students" ("emplid", "first_name", "id", "last_name", "name_n") VALUES (?, ?, ?, ?, ?)  [["emplid", "00000003"], ["first_name", "Brutus"], ["id", 3], ["last_name", "Buckeye"], ["name_n", "buckeye.2"]]
  [1m[36m (0.0ms)[0m  [1mcommit transaction[0m
  [1m[35mStudent Load (0.1ms)[0m  SELECT "students".* FROM "students" LIMIT 1
  [1m[36mStudent Exists (0.1ms)[0m  [1mSELECT 1 FROM "students" WHERE "students"."name_n" = 'buckeye.2' LIMIT 1[0m
  [1m[35mStudent Exists (0.1ms)[0m  SELECT 1 FROM "students" WHERE "students"."emplid" = '' LIMIT 1
  [1m[36m (0.1ms)[0m  [1mbegin transaction[0m
  [1m[35mStudent Exists (0.1ms)[0m  SELECT 1 FROM "students" WHERE "students"."name_n" = 'buckeye.3' LIMIT 1
  [1m[36mStudent Exists (0.1ms)[0m  [1mSELECT 1 FROM "students" WHERE "students"."emplid" = '00000004' LIMIT 1[0m
  [1m[35mSQL (0.1ms)[0m  INSERT INTO "students" ("emplid", "first_name", "id", "last_name", "name_n") VALUES (?, ?, ?, ?, ?)  [["emplid", "00000004"], ["first_name", "Brutus"], ["id", 4], ["last_name", "Buckeye"], ["name_n", "buckeye.3"]]
  [1m[36m (0.0ms)[0m  [1mcommit transaction[0m
  [1m[35mStudent Exists (0.1ms)[0m  SELECT 1 FROM "students" WHERE ("students"."name_n" = '(?-mix:\A[a-z]([a-z-]*[a-z])?\.[1-9]\d*\z)' AND "students"."id" != 4) LIMIT 1
  [1m[36mStudent Exists (0.1ms)[0m  [1mSELECT 1 FROM "students" WHERE ("students"."emplid" = '00000004' AND "students"."id" != 4) LIMIT 1[0m
  [1m[36m (0.8ms)[0m  [1mselect sqlite_version(*)[0m
  [1m[35m (0.3ms)[0m  CREATE TABLE "applicants" ("id" INTEGER PRIMARY KEY AUTOINCREMENT NOT NULL, "emplid" varchar(255), "first_name" varchar(255), "last_name" varchar(255)) 
  [1m[36m (0.1ms)[0m  [1mCREATE TABLE "students" ("id" INTEGER PRIMARY KEY AUTOINCREMENT NOT NULL, "emplid" varchar(255), "name_n" varchar(255), "first_name" varchar(255), "last_name" varchar(255)) [0m
  [1m[35mStudent Exists (0.1ms)[0m  SELECT 1 FROM "students" WHERE "students"."name_n" = 'buckeye.1' LIMIT 1
  [1m[36mStudent Exists (0.1ms)[0m  [1mSELECT 1 FROM "students" WHERE "students"."emplid" = '00000001' LIMIT 1[0m
  [1m[35mApplicant Exists (0.1ms)[0m  SELECT 1 FROM "applicants" WHERE "applicants"."emplid" = '00000002' LIMIT 1
  [1m[36m (0.1ms)[0m  [1mbegin transaction[0m
  [1m[35mStudent Exists (0.1ms)[0m  SELECT 1 FROM "students" WHERE "students"."name_n" = 'buckeye.2' LIMIT 1
  [1m[36mStudent Exists (0.0ms)[0m  [1mSELECT 1 FROM "students" WHERE "students"."emplid" = '00000003' LIMIT 1[0m
  [1m[35mSQL (0.2ms)[0m  INSERT INTO "students" ("emplid", "first_name", "id", "last_name", "name_n") VALUES (?, ?, ?, ?, ?)  [["emplid", "00000003"], ["first_name", "Brutus"], ["id", 3], ["last_name", "Buckeye"], ["name_n", "buckeye.2"]]
  [1m[36m (0.0ms)[0m  [1mcommit transaction[0m
  [1m[35mStudent Load (0.1ms)[0m  SELECT "students".* FROM "students" LIMIT 1
  [1m[36mStudent Exists (0.1ms)[0m  [1mSELECT 1 FROM "students" WHERE "students"."name_n" = 'buckeye.2' LIMIT 1[0m
  [1m[35mStudent Exists (0.1ms)[0m  SELECT 1 FROM "students" WHERE "students"."emplid" = '' LIMIT 1
  [1m[36m (0.1ms)[0m  [1mbegin transaction[0m
  [1m[35mStudent Exists (0.1ms)[0m  SELECT 1 FROM "students" WHERE "students"."name_n" = 'buckeye.3' LIMIT 1
  [1m[36mStudent Exists (0.1ms)[0m  [1mSELECT 1 FROM "students" WHERE "students"."emplid" = '00000004' LIMIT 1[0m
  [1m[35mSQL (0.1ms)[0m  INSERT INTO "students" ("emplid", "first_name", "id", "last_name", "name_n") VALUES (?, ?, ?, ?, ?)  [["emplid", "00000004"], ["first_name", "Brutus"], ["id", 4], ["last_name", "Buckeye"], ["name_n", "buckeye.3"]]
  [1m[36m (0.0ms)[0m  [1mcommit transaction[0m
  [1m[35mStudent Exists (0.1ms)[0m  SELECT 1 FROM "students" WHERE ("students"."name_n" = '(?-mix:\A[a-z]([a-z-]*[a-z])?\.[1-9]\d*\z)' AND "students"."id" != 4) LIMIT 1
  [1m[36mStudent Exists (0.1ms)[0m  [1mSELECT 1 FROM "students" WHERE ("students"."emplid" = '00000004' AND "students"."id" != 4) LIMIT 1[0m
  [1m[36m (0.5ms)[0m  [1mselect sqlite_version(*)[0m
  [1m[35m (0.3ms)[0m  CREATE TABLE "applicants" ("id" INTEGER PRIMARY KEY AUTOINCREMENT NOT NULL, "emplid" varchar(255), "first_name" varchar(255), "last_name" varchar(255)) 
  [1m[36m (0.1ms)[0m  [1mCREATE TABLE "students" ("id" INTEGER PRIMARY KEY AUTOINCREMENT NOT NULL, "emplid" varchar(255), "name_n" varchar(255), "first_name" varchar(255), "last_name" varchar(255)) [0m
  [1m[35mStudent Exists (0.1ms)[0m  SELECT 1 FROM "students" WHERE "students"."name_n" = 'buckeye.1' LIMIT 1
  [1m[36mStudent Exists (0.1ms)[0m  [1mSELECT 1 FROM "students" WHERE "students"."emplid" = '00000001' LIMIT 1[0m
  [1m[35mApplicant Exists (0.1ms)[0m  SELECT 1 FROM "applicants" WHERE "applicants"."emplid" = '00000002' LIMIT 1
  [1m[36m (0.1ms)[0m  [1mbegin transaction[0m
  [1m[35mStudent Exists (0.1ms)[0m  SELECT 1 FROM "students" WHERE "students"."name_n" = 'buckeye.2' LIMIT 1
  [1m[36mStudent Exists (0.1ms)[0m  [1mSELECT 1 FROM "students" WHERE "students"."emplid" = '00000003' LIMIT 1[0m
  [1m[35mSQL (0.2ms)[0m  INSERT INTO "students" ("emplid", "first_name", "id", "last_name", "name_n") VALUES (?, ?, ?, ?, ?)  [["emplid", "00000003"], ["first_name", "Brutus"], ["id", 3], ["last_name", "Buckeye"], ["name_n", "buckeye.2"]]
  [1m[36m (0.0ms)[0m  [1mcommit transaction[0m
  [1m[35mStudent Load (0.1ms)[0m  SELECT "students".* FROM "students" LIMIT 1
  [1m[36mStudent Exists (0.1ms)[0m  [1mSELECT 1 FROM "students" WHERE "students"."name_n" = 'buckeye.2' LIMIT 1[0m
  [1m[35mStudent Exists (0.1ms)[0m  SELECT 1 FROM "students" WHERE "students"."emplid" = '' LIMIT 1
  [1m[36m (0.5ms)[0m  [1mselect sqlite_version(*)[0m
  [1m[35m (0.3ms)[0m  CREATE TABLE "applicants" ("id" INTEGER PRIMARY KEY AUTOINCREMENT NOT NULL, "emplid" varchar(255), "first_name" varchar(255), "last_name" varchar(255)) 
  [1m[36m (0.1ms)[0m  [1mCREATE TABLE "students" ("id" INTEGER PRIMARY KEY AUTOINCREMENT NOT NULL, "emplid" varchar(255), "name_n" varchar(255), "first_name" varchar(255), "last_name" varchar(255)) [0m
  [1m[35mStudent Exists (0.1ms)[0m  SELECT 1 FROM "students" WHERE "students"."name_n" = 'buckeye.1' LIMIT 1
  [1m[36mStudent Exists (0.1ms)[0m  [1mSELECT 1 FROM "students" WHERE "students"."emplid" = '00000001' LIMIT 1[0m
  [1m[35mApplicant Exists (0.1ms)[0m  SELECT 1 FROM "applicants" WHERE "applicants"."emplid" = '00000002' LIMIT 1
  [1m[36m (0.1ms)[0m  [1mbegin transaction[0m
  [1m[35mStudent Exists (0.1ms)[0m  SELECT 1 FROM "students" WHERE "students"."name_n" = 'buckeye.2' LIMIT 1
  [1m[36mStudent Exists (0.0ms)[0m  [1mSELECT 1 FROM "students" WHERE "students"."emplid" = '00000003' LIMIT 1[0m
  [1m[35mSQL (0.2ms)[0m  INSERT INTO "students" ("emplid", "first_name", "id", "last_name", "name_n") VALUES (?, ?, ?, ?, ?)  [["emplid", "00000003"], ["first_name", "Brutus"], ["id", 3], ["last_name", "Buckeye"], ["name_n", "buckeye.2"]]
  [1m[36m (0.0ms)[0m  [1mcommit transaction[0m
  [1m[35mStudent Load (0.1ms)[0m  SELECT "students".* FROM "students" LIMIT 1
  [1m[36mStudent Exists (0.1ms)[0m  [1mSELECT 1 FROM "students" WHERE "students"."name_n" = 'buckeye.2' LIMIT 1[0m
  [1m[35mStudent Exists (0.1ms)[0m  SELECT 1 FROM "students" WHERE "students"."emplid" = '' LIMIT 1
  [1m[36m (0.1ms)[0m  [1mbegin transaction[0m
  [1m[35mStudent Exists (0.1ms)[0m  SELECT 1 FROM "students" WHERE "students"."name_n" = 'buckeye.3' LIMIT 1
  [1m[36mStudent Exists (0.1ms)[0m  [1mSELECT 1 FROM "students" WHERE "students"."emplid" = '00000004' LIMIT 1[0m
  [1m[35mSQL (0.1ms)[0m  INSERT INTO "students" ("emplid", "first_name", "id", "last_name", "name_n") VALUES (?, ?, ?, ?, ?)  [["emplid", "00000004"], ["first_name", "Brutus"], ["id", 4], ["last_name", "Buckeye"], ["name_n", "buckeye.3"]]
  [1m[36m (0.0ms)[0m  [1mcommit transaction[0m
  [1m[35mStudent Exists (0.1ms)[0m  SELECT 1 FROM "students" WHERE ("students"."name_n" = '(?-mix:\A[a-z]([a-z-]*[a-z])?\.[1-9]\d*\z)' AND "students"."id" != 4) LIMIT 1
  [1m[36mStudent Exists (0.1ms)[0m  [1mSELECT 1 FROM "students" WHERE ("students"."emplid" = '00000004' AND "students"."id" != 4) LIMIT 1[0m
  [1m[36m (0.5ms)[0m  [1mselect sqlite_version(*)[0m
  [1m[35m (0.3ms)[0m  CREATE TABLE "applicants" ("id" INTEGER PRIMARY KEY AUTOINCREMENT NOT NULL, "emplid" varchar(255), "first_name" varchar(255), "last_name" varchar(255)) 
  [1m[36m (0.1ms)[0m  [1mCREATE TABLE "students" ("id" INTEGER PRIMARY KEY AUTOINCREMENT NOT NULL, "emplid" varchar(255), "name_n" varchar(255), "first_name" varchar(255), "last_name" varchar(255)) [0m
  [1m[35mStudent Exists (0.1ms)[0m  SELECT 1 FROM "students" WHERE "students"."name_n" = 'buckeye.1' LIMIT 1
  [1m[36mStudent Exists (0.1ms)[0m  [1mSELECT 1 FROM "students" WHERE "students"."emplid" = '00000001' LIMIT 1[0m
  [1m[35mApplicant Exists (0.1ms)[0m  SELECT 1 FROM "applicants" WHERE "applicants"."emplid" = '00000002' LIMIT 1
  [1m[36m (0.0ms)[0m  [1mbegin transaction[0m
  [1m[35mStudent Exists (0.1ms)[0m  SELECT 1 FROM "students" WHERE "students"."name_n" = 'buckeye.2' LIMIT 1
  [1m[36mStudent Exists (0.0ms)[0m  [1mSELECT 1 FROM "students" WHERE "students"."emplid" = '00000003' LIMIT 1[0m
  [1m[35mSQL (0.2ms)[0m  INSERT INTO "students" ("emplid", "first_name", "id", "last_name", "name_n") VALUES (?, ?, ?, ?, ?)  [["emplid", "00000003"], ["first_name", "Brutus"], ["id", 3], ["last_name", "Buckeye"], ["name_n", "buckeye.2"]]
  [1m[36m (0.0ms)[0m  [1mcommit transaction[0m
  [1m[35mStudent Load (0.1ms)[0m  SELECT "students".* FROM "students" LIMIT 1
  [1m[36mStudent Exists (0.1ms)[0m  [1mSELECT 1 FROM "students" WHERE "students"."name_n" = 'buckeye.2' LIMIT 1[0m
  [1m[35mStudent Exists (0.1ms)[0m  SELECT 1 FROM "students" WHERE "students"."emplid" = '' LIMIT 1
  [1m[36m (0.1ms)[0m  [1mbegin transaction[0m
  [1m[35mStudent Exists (0.1ms)[0m  SELECT 1 FROM "students" WHERE "students"."name_n" = 'buckeye.3' LIMIT 1
  [1m[36mStudent Exists (0.1ms)[0m  [1mSELECT 1 FROM "students" WHERE "students"."emplid" = '00000004' LIMIT 1[0m
  [1m[35mSQL (0.1ms)[0m  INSERT INTO "students" ("emplid", "first_name", "id", "last_name", "name_n") VALUES (?, ?, ?, ?, ?)  [["emplid", "00000004"], ["first_name", "Brutus"], ["id", 4], ["last_name", "Buckeye"], ["name_n", "buckeye.3"]]
  [1m[36m (0.0ms)[0m  [1mcommit transaction[0m
  [1m[35mStudent Exists (0.1ms)[0m  SELECT 1 FROM "students" WHERE ("students"."name_n" = '(?-mix:\A[a-z]([a-z-]*[a-z])?\.[1-9]\d*\z)' AND "students"."id" != 4) LIMIT 1
  [1m[36mStudent Exists (0.1ms)[0m  [1mSELECT 1 FROM "students" WHERE ("students"."emplid" = '00000004' AND "students"."id" != 4) LIMIT 1[0m
  [1m[36m (0.5ms)[0m  [1mselect sqlite_version(*)[0m
  [1m[35m (0.3ms)[0m  CREATE TABLE "applicants" ("id" INTEGER PRIMARY KEY AUTOINCREMENT NOT NULL, "emplid" varchar(255), "first_name" varchar(255), "last_name" varchar(255)) 
  [1m[36m (0.1ms)[0m  [1mCREATE TABLE "students" ("id" INTEGER PRIMARY KEY AUTOINCREMENT NOT NULL, "emplid" varchar(255), "name_n" varchar(255), "first_name" varchar(255), "last_name" varchar(255)) [0m
  [1m[35mStudent Exists (0.1ms)[0m  SELECT 1 FROM "students" WHERE "students"."name_n" = 'buckeye.1' LIMIT 1
  [1m[36mStudent Exists (0.1ms)[0m  [1mSELECT 1 FROM "students" WHERE "students"."emplid" = '00000001' LIMIT 1[0m
  [1m[35mApplicant Exists (0.1ms)[0m  SELECT 1 FROM "applicants" WHERE "applicants"."emplid" = '00000002' LIMIT 1
  [1m[36m (0.1ms)[0m  [1mbegin transaction[0m
  [1m[35mStudent Exists (0.1ms)[0m  SELECT 1 FROM "students" WHERE "students"."name_n" = 'buckeye.2' LIMIT 1
  [1m[36mStudent Exists (0.0ms)[0m  [1mSELECT 1 FROM "students" WHERE "students"."emplid" = '00000003' LIMIT 1[0m
  [1m[35mSQL (0.2ms)[0m  INSERT INTO "students" ("emplid", "first_name", "id", "last_name", "name_n") VALUES (?, ?, ?, ?, ?)  [["emplid", "00000003"], ["first_name", "Brutus"], ["id", 3], ["last_name", "Buckeye"], ["name_n", "buckeye.2"]]
  [1m[36m (0.0ms)[0m  [1mcommit transaction[0m
  [1m[35mStudent Load (0.1ms)[0m  SELECT "students".* FROM "students" LIMIT 1
  [1m[36mStudent Exists (0.1ms)[0m  [1mSELECT 1 FROM "students" WHERE "students"."name_n" = 'buckeye.2' LIMIT 1[0m
  [1m[35mStudent Exists (0.1ms)[0m  SELECT 1 FROM "students" WHERE "students"."emplid" = '' LIMIT 1
  [1m[36m (0.1ms)[0m  [1mbegin transaction[0m
  [1m[35mStudent Exists (0.1ms)[0m  SELECT 1 FROM "students" WHERE "students"."name_n" = 'buckeye.3' LIMIT 1
  [1m[36mStudent Exists (0.0ms)[0m  [1mSELECT 1 FROM "students" WHERE "students"."emplid" = '00000004' LIMIT 1[0m
  [1m[35mSQL (0.1ms)[0m  INSERT INTO "students" ("emplid", "first_name", "id", "last_name", "name_n") VALUES (?, ?, ?, ?, ?)  [["emplid", "00000004"], ["first_name", "Brutus"], ["id", 4], ["last_name", "Buckeye"], ["name_n", "buckeye.3"]]
  [1m[36m (0.0ms)[0m  [1mcommit transaction[0m
  [1m[35mStudent Exists (0.1ms)[0m  SELECT 1 FROM "students" WHERE ("students"."name_n" = '(?-mix:\A[a-z]([a-z-]*[a-z])?\.[1-9]\d*\z)' AND "students"."id" != 4) LIMIT 1
  [1m[36mStudent Exists (0.1ms)[0m  [1mSELECT 1 FROM "students" WHERE ("students"."emplid" = '00000004' AND "students"."id" != 4) LIMIT 1[0m
  [1m[35m (0.1ms)[0m  begin transaction
  [1m[36mApplicant Exists (0.1ms)[0m  [1mSELECT 1 FROM "applicants" WHERE "applicants"."emplid" = '00000005' LIMIT 1[0m
  [1m[35mSQL (0.1ms)[0m  INSERT INTO "applicants" ("emplid", "first_name", "id", "last_name") VALUES (?, ?, ?, ?)  [["emplid", "00000005"], ["first_name", "Brutus"], ["id", 5], ["last_name", "Buckeye"]]
  [1m[36m (0.0ms)[0m  [1mcommit transaction[0m
  [1m[35mApplicant Load (0.1ms)[0m  SELECT "applicants".* FROM "applicants" LIMIT 1
  [1m[36mApplicant Exists (0.1ms)[0m  [1mSELECT 1 FROM "applicants" WHERE "applicants"."emplid" = '00000005' LIMIT 1[0m
  [1m[35m (0.1ms)[0m  begin transaction
  [1m[36mApplicant Exists (0.1ms)[0m  [1mSELECT 1 FROM "applicants" WHERE "applicants"."emplid" = '00000006' LIMIT 1[0m
  [1m[35mSQL (0.1ms)[0m  INSERT INTO "applicants" ("emplid", "first_name", "id", "last_name") VALUES (?, ?, ?, ?)  [["emplid", "00000006"], ["first_name", "Brutus"], ["id", 6], ["last_name", "Buckeye"]]
  [1m[36m (0.0ms)[0m  [1mcommit transaction[0m
  [1m[35mApplicant Exists (0.1ms)[0m  SELECT 1 FROM "applicants" WHERE ("applicants"."emplid" = '(?-mix:\A\d{8,9}\z)' AND "applicants"."id" != 6) LIMIT 1
  [1m[36m (0.5ms)[0m  [1mselect sqlite_version(*)[0m
  [1m[35m (0.3ms)[0m  CREATE TABLE "applicants" ("id" INTEGER PRIMARY KEY AUTOINCREMENT NOT NULL, "emplid" varchar(255), "first_name" varchar(255), "last_name" varchar(255)) 
  [1m[36m (0.3ms)[0m  [1mCREATE TABLE "students" ("id" INTEGER PRIMARY KEY AUTOINCREMENT NOT NULL, "emplid" varchar(255), "name_n" varchar(255), "first_name" varchar(255), "last_name" varchar(255)) [0m
  [1m[35mStudent Exists (0.1ms)[0m  SELECT 1 FROM "students" WHERE "students"."name_n" = 'buckeye.1' LIMIT 1
  [1m[36mStudent Exists (0.1ms)[0m  [1mSELECT 1 FROM "students" WHERE "students"."emplid" = '00000001' LIMIT 1[0m
  [1m[35mApplicant Exists (0.1ms)[0m  SELECT 1 FROM "applicants" WHERE "applicants"."emplid" = '00000002' LIMIT 1
  [1m[36m (0.1ms)[0m  [1mbegin transaction[0m
  [1m[35mStudent Exists (0.1ms)[0m  SELECT 1 FROM "students" WHERE "students"."name_n" = 'buckeye.2' LIMIT 1
  [1m[36mStudent Exists (0.1ms)[0m  [1mSELECT 1 FROM "students" WHERE "students"."emplid" = '00000003' LIMIT 1[0m
  [1m[35mSQL (0.2ms)[0m  INSERT INTO "students" ("emplid", "first_name", "id", "last_name", "name_n") VALUES (?, ?, ?, ?, ?)  [["emplid", "00000003"], ["first_name", "Brutus"], ["id", 3], ["last_name", "Buckeye"], ["name_n", "buckeye.2"]]
  [1m[36m (0.0ms)[0m  [1mcommit transaction[0m
  [1m[35mStudent Load (0.1ms)[0m  SELECT "students".* FROM "students" LIMIT 1
  [1m[36mStudent Exists (0.1ms)[0m  [1mSELECT 1 FROM "students" WHERE "students"."name_n" = 'buckeye.2' LIMIT 1[0m
  [1m[35mStudent Exists (0.1ms)[0m  SELECT 1 FROM "students" WHERE "students"."emplid" = '' LIMIT 1
  [1m[36m (0.1ms)[0m  [1mbegin transaction[0m
  [1m[35mStudent Exists (0.1ms)[0m  SELECT 1 FROM "students" WHERE "students"."name_n" = 'buckeye.3' LIMIT 1
  [1m[36mStudent Exists (0.0ms)[0m  [1mSELECT 1 FROM "students" WHERE "students"."emplid" = '00000004' LIMIT 1[0m
  [1m[35mSQL (0.1ms)[0m  INSERT INTO "students" ("emplid", "first_name", "id", "last_name", "name_n") VALUES (?, ?, ?, ?, ?)  [["emplid", "00000004"], ["first_name", "Brutus"], ["id", 4], ["last_name", "Buckeye"], ["name_n", "buckeye.3"]]
  [1m[36m (0.0ms)[0m  [1mcommit transaction[0m
  [1m[35mStudent Exists (0.1ms)[0m  SELECT 1 FROM "students" WHERE ("students"."name_n" = 'gee.2' AND "students"."id" != 4) LIMIT 1
  [1m[36mStudent Exists (0.1ms)[0m  [1mSELECT 1 FROM "students" WHERE ("students"."emplid" = '00000004' AND "students"."id" != 4) LIMIT 1[0m
  [1m[35m (0.1ms)[0m  begin transaction
  [1m[36mApplicant Exists (0.1ms)[0m  [1mSELECT 1 FROM "applicants" WHERE "applicants"."emplid" = '00000005' LIMIT 1[0m
  [1m[35mSQL (0.1ms)[0m  INSERT INTO "applicants" ("emplid", "first_name", "id", "last_name") VALUES (?, ?, ?, ?)  [["emplid", "00000005"], ["first_name", "Brutus"], ["id", 5], ["last_name", "Buckeye"]]
  [1m[36m (0.0ms)[0m  [1mcommit transaction[0m
  [1m[35mApplicant Load (0.1ms)[0m  SELECT "applicants".* FROM "applicants" LIMIT 1
  [1m[36mApplicant Exists (0.1ms)[0m  [1mSELECT 1 FROM "applicants" WHERE "applicants"."emplid" = '00000005' LIMIT 1[0m
  [1m[35m (0.1ms)[0m  begin transaction
  [1m[36mApplicant Exists (0.1ms)[0m  [1mSELECT 1 FROM "applicants" WHERE "applicants"."emplid" = '00000006' LIMIT 1[0m
  [1m[35mSQL (0.1ms)[0m  INSERT INTO "applicants" ("emplid", "first_name", "id", "last_name") VALUES (?, ?, ?, ?)  [["emplid", "00000006"], ["first_name", "Brutus"], ["id", 6], ["last_name", "Buckeye"]]
  [1m[36m (0.0ms)[0m  [1mcommit transaction[0m
  [1m[35mApplicant Exists (0.1ms)[0m  SELECT 1 FROM "applicants" WHERE ("applicants"."emplid" = '(?-mix:\A\d{8,9}\z)' AND "applicants"."id" != 6) LIMIT 1
  [1m[36m (0.9ms)[0m  [1mselect sqlite_version(*)[0m
  [1m[35m (0.3ms)[0m  CREATE TABLE "applicants" ("id" INTEGER PRIMARY KEY AUTOINCREMENT NOT NULL, "emplid" varchar(255), "first_name" varchar(255), "last_name" varchar(255)) 
  [1m[36m (0.2ms)[0m  [1mCREATE TABLE "students" ("id" INTEGER PRIMARY KEY AUTOINCREMENT NOT NULL, "emplid" varchar(255), "name_n" varchar(255), "first_name" varchar(255), "last_name" varchar(255)) [0m
  [1m[35mStudent Exists (0.1ms)[0m  SELECT 1 FROM "students" WHERE "students"."name_n" = 'buckeye.1' LIMIT 1
  [1m[36mStudent Exists (0.1ms)[0m  [1mSELECT 1 FROM "students" WHERE "students"."emplid" = '00000001' LIMIT 1[0m
  [1m[35mApplicant Exists (0.1ms)[0m  SELECT 1 FROM "applicants" WHERE "applicants"."emplid" = '00000002' LIMIT 1
  [1m[36m (0.1ms)[0m  [1mbegin transaction[0m
  [1m[35mStudent Exists (0.1ms)[0m  SELECT 1 FROM "students" WHERE "students"."name_n" = 'buckeye.2' LIMIT 1
  [1m[36mStudent Exists (0.1ms)[0m  [1mSELECT 1 FROM "students" WHERE "students"."emplid" = '00000003' LIMIT 1[0m
  [1m[35mSQL (0.2ms)[0m  INSERT INTO "students" ("emplid", "first_name", "id", "last_name", "name_n") VALUES (?, ?, ?, ?, ?)  [["emplid", "00000003"], ["first_name", "Brutus"], ["id", 3], ["last_name", "Buckeye"], ["name_n", "buckeye.2"]]
  [1m[36m (0.0ms)[0m  [1mcommit transaction[0m
  [1m[35mStudent Load (0.1ms)[0m  SELECT "students".* FROM "students" LIMIT 1
  [1m[36mStudent Exists (0.1ms)[0m  [1mSELECT 1 FROM "students" WHERE "students"."name_n" = 'buckeye.2' LIMIT 1[0m
  [1m[35mStudent Exists (0.1ms)[0m  SELECT 1 FROM "students" WHERE "students"."emplid" = '' LIMIT 1
  [1m[36m (0.1ms)[0m  [1mbegin transaction[0m
  [1m[35mStudent Exists (0.1ms)[0m  SELECT 1 FROM "students" WHERE "students"."name_n" = 'buckeye.3' LIMIT 1
  [1m[36mStudent Exists (0.0ms)[0m  [1mSELECT 1 FROM "students" WHERE "students"."emplid" = '00000004' LIMIT 1[0m
  [1m[35mSQL (0.1ms)[0m  INSERT INTO "students" ("emplid", "first_name", "id", "last_name", "name_n") VALUES (?, ?, ?, ?, ?)  [["emplid", "00000004"], ["first_name", "Brutus"], ["id", 4], ["last_name", "Buckeye"], ["name_n", "buckeye.3"]]
  [1m[36m (0.0ms)[0m  [1mcommit transaction[0m
  [1m[35mStudent Exists (0.1ms)[0m  SELECT 1 FROM "students" WHERE ("students"."name_n" = 'gee.2' AND "students"."id" != 4) LIMIT 1
  [1m[36mStudent Exists (0.1ms)[0m  [1mSELECT 1 FROM "students" WHERE ("students"."emplid" = '00000004' AND "students"."id" != 4) LIMIT 1[0m
  [1m[35m (0.1ms)[0m  begin transaction
  [1m[36mApplicant Exists (0.1ms)[0m  [1mSELECT 1 FROM "applicants" WHERE "applicants"."emplid" = '00000005' LIMIT 1[0m
  [1m[35mSQL (0.1ms)[0m  INSERT INTO "applicants" ("emplid", "first_name", "id", "last_name") VALUES (?, ?, ?, ?)  [["emplid", "00000005"], ["first_name", "Brutus"], ["id", 5], ["last_name", "Buckeye"]]
  [1m[36m (0.0ms)[0m  [1mcommit transaction[0m
  [1m[35mApplicant Load (0.1ms)[0m  SELECT "applicants".* FROM "applicants" LIMIT 1
  [1m[36mApplicant Exists (0.1ms)[0m  [1mSELECT 1 FROM "applicants" WHERE "applicants"."emplid" = '00000005' LIMIT 1[0m
  [1m[35m (0.1ms)[0m  begin transaction
  [1m[36mApplicant Exists (0.1ms)[0m  [1mSELECT 1 FROM "applicants" WHERE "applicants"."emplid" = '00000006' LIMIT 1[0m
  [1m[35mSQL (0.1ms)[0m  INSERT INTO "applicants" ("emplid", "first_name", "id", "last_name") VALUES (?, ?, ?, ?)  [["emplid", "00000006"], ["first_name", "Brutus"], ["id", 6], ["last_name", "Buckeye"]]
  [1m[36m (0.0ms)[0m  [1mcommit transaction[0m
  [1m[35mApplicant Exists (0.1ms)[0m  SELECT 1 FROM "applicants" WHERE ("applicants"."emplid" = '987654321' AND "applicants"."id" != 6) LIMIT 1
  [1m[36m (0.5ms)[0m  [1mselect sqlite_version(*)[0m
  [1m[35m (0.3ms)[0m  CREATE TABLE "applicants" ("id" INTEGER PRIMARY KEY AUTOINCREMENT NOT NULL, "emplid" varchar(255), "first_name" varchar(255), "last_name" varchar(255)) 
  [1m[36m (0.1ms)[0m  [1mCREATE TABLE "students" ("id" INTEGER PRIMARY KEY AUTOINCREMENT NOT NULL, "emplid" varchar(255), "name_n" varchar(255), "first_name" varchar(255), "last_name" varchar(255)) [0m
  [1m[35mStudent Exists (0.1ms)[0m  SELECT 1 FROM "students" WHERE "students"."name_n" = 'buckeye.1' LIMIT 1
  [1m[36mStudent Exists (0.1ms)[0m  [1mSELECT 1 FROM "students" WHERE "students"."emplid" = '00000001' LIMIT 1[0m
  [1m[35mApplicant Exists (0.1ms)[0m  SELECT 1 FROM "applicants" WHERE "applicants"."emplid" = '00000002' LIMIT 1
  [1m[36m (0.1ms)[0m  [1mbegin transaction[0m
  [1m[35mStudent Exists (0.1ms)[0m  SELECT 1 FROM "students" WHERE "students"."name_n" = 'buckeye.2' LIMIT 1
  [1m[36mStudent Exists (0.0ms)[0m  [1mSELECT 1 FROM "students" WHERE "students"."emplid" = '00000003' LIMIT 1[0m
  [1m[35mSQL (0.2ms)[0m  INSERT INTO "students" ("emplid", "first_name", "id", "last_name", "name_n") VALUES (?, ?, ?, ?, ?)  [["emplid", "00000003"], ["first_name", "Brutus"], ["id", 3], ["last_name", "Buckeye"], ["name_n", "buckeye.2"]]
  [1m[36m (0.0ms)[0m  [1mcommit transaction[0m
  [1m[35mStudent Load (0.1ms)[0m  SELECT "students".* FROM "students" LIMIT 1
  [1m[36mStudent Exists (0.1ms)[0m  [1mSELECT 1 FROM "students" WHERE "students"."name_n" = 'buckeye.2' LIMIT 1[0m
  [1m[35mStudent Exists (0.1ms)[0m  SELECT 1 FROM "students" WHERE "students"."emplid" = '' LIMIT 1
  [1m[36m (0.1ms)[0m  [1mbegin transaction[0m
  [1m[35mStudent Exists (0.1ms)[0m  SELECT 1 FROM "students" WHERE "students"."name_n" = 'buckeye.3' LIMIT 1
  [1m[36mStudent Exists (0.0ms)[0m  [1mSELECT 1 FROM "students" WHERE "students"."emplid" = '00000004' LIMIT 1[0m
  [1m[35mSQL (0.1ms)[0m  INSERT INTO "students" ("emplid", "first_name", "id", "last_name", "name_n") VALUES (?, ?, ?, ?, ?)  [["emplid", "00000004"], ["first_name", "Brutus"], ["id", 4], ["last_name", "Buckeye"], ["name_n", "buckeye.3"]]
  [1m[36m (0.0ms)[0m  [1mcommit transaction[0m
  [1m[35mStudent Exists (0.1ms)[0m  SELECT 1 FROM "students" WHERE ("students"."name_n" = 'gee2' AND "students"."id" != 4) LIMIT 1
  [1m[36mStudent Exists (0.1ms)[0m  [1mSELECT 1 FROM "students" WHERE ("students"."emplid" = '00000004' AND "students"."id" != 4) LIMIT 1[0m
  [1m[35m (0.1ms)[0m  begin transaction
  [1m[36mStudent Exists (0.1ms)[0m  [1mSELECT 1 FROM "students" WHERE "students"."name_n" = 'buckeye.4' LIMIT 1[0m
  [1m[35mStudent Exists (0.0ms)[0m  SELECT 1 FROM "students" WHERE "students"."emplid" = '00000005' LIMIT 1
  [1m[36mSQL (0.1ms)[0m  [1mINSERT INTO "students" ("emplid", "first_name", "id", "last_name", "name_n") VALUES (?, ?, ?, ?, ?)[0m  [["emplid", "00000005"], ["first_name", "Brutus"], ["id", 5], ["last_name", "Buckeye"], ["name_n", "buckeye.4"]]
  [1m[35m (0.0ms)[0m  commit transaction
  [1m[36mStudent Exists (0.1ms)[0m  [1mSELECT 1 FROM "students" WHERE ("students"."name_n" = 'gee.2' AND "students"."id" != 5) LIMIT 1[0m
  [1m[35mStudent Exists (0.1ms)[0m  SELECT 1 FROM "students" WHERE ("students"."emplid" = '00000005' AND "students"."id" != 5) LIMIT 1
  [1m[36m (0.1ms)[0m  [1mbegin transaction[0m
  [1m[35mApplicant Exists (0.1ms)[0m  SELECT 1 FROM "applicants" WHERE "applicants"."emplid" = '00000006' LIMIT 1
  [1m[36mSQL (0.1ms)[0m  [1mINSERT INTO "applicants" ("emplid", "first_name", "id", "last_name") VALUES (?, ?, ?, ?)[0m  [["emplid", "00000006"], ["first_name", "Brutus"], ["id", 6], ["last_name", "Buckeye"]]
  [1m[35m (0.0ms)[0m  commit transaction
  [1m[36mApplicant Load (0.1ms)[0m  [1mSELECT "applicants".* FROM "applicants" LIMIT 1[0m
  [1m[35mApplicant Exists (0.1ms)[0m  SELECT 1 FROM "applicants" WHERE "applicants"."emplid" = '00000006' LIMIT 1
  [1m[36m (0.1ms)[0m  [1mbegin transaction[0m
  [1m[35mApplicant Exists (0.1ms)[0m  SELECT 1 FROM "applicants" WHERE "applicants"."emplid" = '00000007' LIMIT 1
  [1m[36mSQL (0.1ms)[0m  [1mINSERT INTO "applicants" ("emplid", "first_name", "id", "last_name") VALUES (?, ?, ?, ?)[0m  [["emplid", "00000007"], ["first_name", "Brutus"], ["id", 7], ["last_name", "Buckeye"]]
  [1m[35m (0.0ms)[0m  commit transaction
  [1m[36mApplicant Exists (0.1ms)[0m  [1mSELECT 1 FROM "applicants" WHERE ("applicants"."emplid" = '987654321' AND "applicants"."id" != 7) LIMIT 1[0m
  [1m[36m (0.5ms)[0m  [1mselect sqlite_version(*)[0m
  [1m[35m (0.3ms)[0m  CREATE TABLE "applicants" ("id" INTEGER PRIMARY KEY AUTOINCREMENT NOT NULL, "emplid" varchar(255), "first_name" varchar(255), "last_name" varchar(255)) 
  [1m[36m (0.1ms)[0m  [1mCREATE TABLE "students" ("id" INTEGER PRIMARY KEY AUTOINCREMENT NOT NULL, "emplid" varchar(255), "name_n" varchar(255), "first_name" varchar(255), "last_name" varchar(255)) [0m
  [1m[35mStudent Exists (0.1ms)[0m  SELECT 1 FROM "students" WHERE "students"."name_n" = 'buckeye.1' LIMIT 1
  [1m[36mStudent Exists (0.1ms)[0m  [1mSELECT 1 FROM "students" WHERE "students"."emplid" = '00000001' LIMIT 1[0m
  [1m[35mApplicant Exists (0.1ms)[0m  SELECT 1 FROM "applicants" WHERE "applicants"."emplid" = '00000002' LIMIT 1
  [1m[36m (0.1ms)[0m  [1mbegin transaction[0m
  [1m[35mStudent Exists (0.1ms)[0m  SELECT 1 FROM "students" WHERE "students"."name_n" = 'buckeye.2' LIMIT 1
  [1m[36mStudent Exists (0.0ms)[0m  [1mSELECT 1 FROM "students" WHERE "students"."emplid" = '00000003' LIMIT 1[0m
  [1m[35mSQL (0.2ms)[0m  INSERT INTO "students" ("emplid", "first_name", "id", "last_name", "name_n") VALUES (?, ?, ?, ?, ?)  [["emplid", "00000003"], ["first_name", "Brutus"], ["id", 3], ["last_name", "Buckeye"], ["name_n", "buckeye.2"]]
  [1m[36m (0.0ms)[0m  [1mcommit transaction[0m
  [1m[35mStudent Load (0.1ms)[0m  SELECT "students".* FROM "students" LIMIT 1
  [1m[36mStudent Exists (0.1ms)[0m  [1mSELECT 1 FROM "students" WHERE "students"."name_n" = 'buckeye.2' LIMIT 1[0m
  [1m[35mStudent Exists (0.1ms)[0m  SELECT 1 FROM "students" WHERE "students"."emplid" = '' LIMIT 1
  [1m[36m (0.1ms)[0m  [1mbegin transaction[0m
  [1m[35mStudent Exists (0.1ms)[0m  SELECT 1 FROM "students" WHERE "students"."name_n" = 'buckeye.3' LIMIT 1
  [1m[36mStudent Exists (0.1ms)[0m  [1mSELECT 1 FROM "students" WHERE "students"."emplid" = '00000004' LIMIT 1[0m
  [1m[35mSQL (0.1ms)[0m  INSERT INTO "students" ("emplid", "first_name", "id", "last_name", "name_n") VALUES (?, ?, ?, ?, ?)  [["emplid", "00000004"], ["first_name", "Brutus"], ["id", 4], ["last_name", "Buckeye"], ["name_n", "buckeye.3"]]
  [1m[36m (0.0ms)[0m  [1mcommit transaction[0m
  [1m[35mStudent Exists (0.1ms)[0m  SELECT 1 FROM "students" WHERE ("students"."name_n" = 'gee2' AND "students"."id" != 4) LIMIT 1
  [1m[36mStudent Exists (0.1ms)[0m  [1mSELECT 1 FROM "students" WHERE ("students"."emplid" = '00000004' AND "students"."id" != 4) LIMIT 1[0m
  [1m[35m (0.1ms)[0m  begin transaction
  [1m[36mStudent Exists (0.1ms)[0m  [1mSELECT 1 FROM "students" WHERE "students"."name_n" = 'buckeye.4' LIMIT 1[0m
  [1m[35mStudent Exists (0.0ms)[0m  SELECT 1 FROM "students" WHERE "students"."emplid" = '00000005' LIMIT 1
  [1m[36mSQL (0.1ms)[0m  [1mINSERT INTO "students" ("emplid", "first_name", "id", "last_name", "name_n") VALUES (?, ?, ?, ?, ?)[0m  [["emplid", "00000005"], ["first_name", "Brutus"], ["id", 5], ["last_name", "Buckeye"], ["name_n", "buckeye.4"]]
  [1m[35m (0.0ms)[0m  commit transaction
  [1m[36mStudent Exists (0.1ms)[0m  [1mSELECT 1 FROM "students" WHERE ("students"."name_n" = 'gee.2' AND "students"."id" != 5) LIMIT 1[0m
  [1m[35mStudent Exists (0.1ms)[0m  SELECT 1 FROM "students" WHERE ("students"."emplid" = '00000005' AND "students"."id" != 5) LIMIT 1
  [1m[36m (0.1ms)[0m  [1mbegin transaction[0m
  [1m[35mApplicant Exists (0.1ms)[0m  SELECT 1 FROM "applicants" WHERE "applicants"."emplid" = '00000006' LIMIT 1
  [1m[36mSQL (0.1ms)[0m  [1mINSERT INTO "applicants" ("emplid", "first_name", "id", "last_name") VALUES (?, ?, ?, ?)[0m  [["emplid", "00000006"], ["first_name", "Brutus"], ["id", 6], ["last_name", "Buckeye"]]
  [1m[35m (0.0ms)[0m  commit transaction
  [1m[36mApplicant Load (0.1ms)[0m  [1mSELECT "applicants".* FROM "applicants" LIMIT 1[0m
  [1m[35mApplicant Exists (0.2ms)[0m  SELECT 1 FROM "applicants" WHERE "applicants"."emplid" = '00000006' LIMIT 1
  [1m[36m (0.1ms)[0m  [1mbegin transaction[0m
  [1m[35mApplicant Exists (0.1ms)[0m  SELECT 1 FROM "applicants" WHERE "applicants"."emplid" = '00000007' LIMIT 1
  [1m[36mSQL (0.1ms)[0m  [1mINSERT INTO "applicants" ("emplid", "first_name", "id", "last_name") VALUES (?, ?, ?, ?)[0m  [["emplid", "00000007"], ["first_name", "Brutus"], ["id", 7], ["last_name", "Buckeye"]]
  [1m[35m (0.0ms)[0m  commit transaction
  [1m[36mApplicant Exists (0.1ms)[0m  [1mSELECT 1 FROM "applicants" WHERE ("applicants"."emplid" = '987654321' AND "applicants"."id" != 7) LIMIT 1[0m
  [1m[36m (0.5ms)[0m  [1mselect sqlite_version(*)[0m
  [1m[35m (0.3ms)[0m  CREATE TABLE "applicants" ("id" INTEGER PRIMARY KEY AUTOINCREMENT NOT NULL, "emplid" varchar(255), "first_name" varchar(255), "last_name" varchar(255)) 
  [1m[36m (0.1ms)[0m  [1mCREATE TABLE "students" ("id" INTEGER PRIMARY KEY AUTOINCREMENT NOT NULL, "emplid" varchar(255), "name_n" varchar(255), "first_name" varchar(255), "last_name" varchar(255)) [0m
  [1m[35mStudent Exists (0.1ms)[0m  SELECT 1 FROM "students" WHERE "students"."name_n" = 'buckeye.1' LIMIT 1
  [1m[36mStudent Exists (0.1ms)[0m  [1mSELECT 1 FROM "students" WHERE "students"."emplid" = '00000001' LIMIT 1[0m
  [1m[35mApplicant Exists (0.1ms)[0m  SELECT 1 FROM "applicants" WHERE "applicants"."emplid" = '00000002' LIMIT 1
  [1m[36m (0.1ms)[0m  [1mbegin transaction[0m
  [1m[35mStudent Exists (0.1ms)[0m  SELECT 1 FROM "students" WHERE "students"."name_n" = 'buckeye.2' LIMIT 1
  [1m[36mStudent Exists (0.1ms)[0m  [1mSELECT 1 FROM "students" WHERE "students"."emplid" = '00000003' LIMIT 1[0m
  [1m[35mSQL (0.3ms)[0m  INSERT INTO "students" ("emplid", "first_name", "id", "last_name", "name_n") VALUES (?, ?, ?, ?, ?)  [["emplid", "00000003"], ["first_name", "Brutus"], ["id", 3], ["last_name", "Buckeye"], ["name_n", "buckeye.2"]]
  [1m[36m (0.0ms)[0m  [1mcommit transaction[0m
  [1m[35mStudent Load (0.1ms)[0m  SELECT "students".* FROM "students" LIMIT 1
  [1m[36mStudent Exists (0.1ms)[0m  [1mSELECT 1 FROM "students" WHERE "students"."name_n" = 'buckeye.2' LIMIT 1[0m
  [1m[35mStudent Exists (0.1ms)[0m  SELECT 1 FROM "students" WHERE "students"."emplid" = '' LIMIT 1
  [1m[36m (0.1ms)[0m  [1mbegin transaction[0m
  [1m[35mStudent Exists (0.1ms)[0m  SELECT 1 FROM "students" WHERE "students"."name_n" = 'buckeye.3' LIMIT 1
  [1m[36mStudent Exists (0.0ms)[0m  [1mSELECT 1 FROM "students" WHERE "students"."emplid" = '00000004' LIMIT 1[0m
  [1m[35mSQL (0.1ms)[0m  INSERT INTO "students" ("emplid", "first_name", "id", "last_name", "name_n") VALUES (?, ?, ?, ?, ?)  [["emplid", "00000004"], ["first_name", "Brutus"], ["id", 4], ["last_name", "Buckeye"], ["name_n", "buckeye.3"]]
  [1m[36m (0.0ms)[0m  [1mcommit transaction[0m
  [1m[35mStudent Exists (0.3ms)[0m  SELECT 1 FROM "students" WHERE ("students"."name_n" = 'gee2' AND "students"."id" != 4) LIMIT 1
  [1m[36mStudent Exists (0.1ms)[0m  [1mSELECT 1 FROM "students" WHERE ("students"."emplid" = '00000004' AND "students"."id" != 4) LIMIT 1[0m
  [1m[35m (0.1ms)[0m  begin transaction
  [1m[36mStudent Exists (0.1ms)[0m  [1mSELECT 1 FROM "students" WHERE "students"."name_n" = 'buckeye.4' LIMIT 1[0m
  [1m[35mStudent Exists (0.1ms)[0m  SELECT 1 FROM "students" WHERE "students"."emplid" = '00000005' LIMIT 1
  [1m[36mSQL (0.1ms)[0m  [1mINSERT INTO "students" ("emplid", "first_name", "id", "last_name", "name_n") VALUES (?, ?, ?, ?, ?)[0m  [["emplid", "00000005"], ["first_name", "Brutus"], ["id", 5], ["last_name", "Buckeye"], ["name_n", "buckeye.4"]]
  [1m[35m (0.0ms)[0m  commit transaction
  [1m[36mStudent Exists (0.1ms)[0m  [1mSELECT 1 FROM "students" WHERE ("students"."name_n" = 'gee.2' AND "students"."id" != 5) LIMIT 1[0m
  [1m[35mStudent Exists (0.1ms)[0m  SELECT 1 FROM "students" WHERE ("students"."emplid" = '00000005' AND "students"."id" != 5) LIMIT 1
  [1m[36m (0.1ms)[0m  [1mbegin transaction[0m
  [1m[35mApplicant Exists (0.1ms)[0m  SELECT 1 FROM "applicants" WHERE "applicants"."emplid" = '00000006' LIMIT 1
  [1m[36mSQL (0.1ms)[0m  [1mINSERT INTO "applicants" ("emplid", "first_name", "id", "last_name") VALUES (?, ?, ?, ?)[0m  [["emplid", "00000006"], ["first_name", "Brutus"], ["id", 6], ["last_name", "Buckeye"]]
  [1m[35m (0.0ms)[0m  commit transaction
  [1m[36mApplicant Load (0.1ms)[0m  [1mSELECT "applicants".* FROM "applicants" LIMIT 1[0m
  [1m[35mApplicant Exists (0.1ms)[0m  SELECT 1 FROM "applicants" WHERE "applicants"."emplid" = '00000006' LIMIT 1
  [1m[36m (0.1ms)[0m  [1mbegin transaction[0m
  [1m[35mApplicant Exists (0.1ms)[0m  SELECT 1 FROM "applicants" WHERE "applicants"."emplid" = '00000007' LIMIT 1
  [1m[36mSQL (0.1ms)[0m  [1mINSERT INTO "applicants" ("emplid", "first_name", "id", "last_name") VALUES (?, ?, ?, ?)[0m  [["emplid", "00000007"], ["first_name", "Brutus"], ["id", 7], ["last_name", "Buckeye"]]
  [1m[35m (0.0ms)[0m  commit transaction
  [1m[36mApplicant Exists (0.1ms)[0m  [1mSELECT 1 FROM "applicants" WHERE ("applicants"."emplid" = '54321' AND "applicants"."id" != 7) LIMIT 1[0m
  [1m[35m (0.1ms)[0m  begin transaction
  [1m[36mApplicant Exists (0.1ms)[0m  [1mSELECT 1 FROM "applicants" WHERE "applicants"."emplid" = '00000008' LIMIT 1[0m
  [1m[35mSQL (0.1ms)[0m  INSERT INTO "applicants" ("emplid", "first_name", "id", "last_name") VALUES (?, ?, ?, ?)  [["emplid", "00000008"], ["first_name", "Brutus"], ["id", 8], ["last_name", "Buckeye"]]
  [1m[36m (0.0ms)[0m  [1mcommit transaction[0m
  [1m[35mApplicant Exists (0.1ms)[0m  SELECT 1 FROM "applicants" WHERE ("applicants"."emplid" = '987654321' AND "applicants"."id" != 8) LIMIT 1
